#
# There is insufficient memory for the Java Runtime Environment to continue.
# Native memory allocation (malloc) failed to allocate 1048576 bytes for AllocateHeap
# Possible reasons:
#   The system is out of physical RAM or swap space
#   In 32 bit mode, the process size limit was hit
# Possible solutions:
#   Reduce memory load on the system
#   Increase physical memory or swap space
#   Check if swap backing store is full
#   Use 64 bit Java on a 64 bit OS
#   Decrease Java heap size (-Xmx/-Xms)
#   Decrease number of Java threads
#   Decrease Java thread stack sizes (-Xss)
#   Set larger code cache with -XX:ReservedCodeCacheSize=
# This output file may be truncated or incomplete.
#
#  Out of Memory Error (memory/allocation.inline.hpp:61), pid=2656, tid=0x0000000000003e8c
#
# JRE version:  (8.0_111-b14) (build )
# Java VM: Java HotSpot(TM) 64-Bit Server VM (25.111-b14 mixed mode windows-amd64 compressed oops)
# Failed to write core dump. Minidumps are not enabled by default on client versions of Windows
#

---------------  T H R E A D  ---------------

Current thread (0x0000000002491000):  JavaThread "Unknown thread" [_thread_in_vm, id=16012, stack(0x0000000000b70000,0x0000000000c70000)]

Stack: [0x0000000000b70000,0x0000000000c70000]
[error occurred during error reporting (printing stack bounds), id 0xc0000005]

Native frames: (J=compiled Java code, j=interpreted, Vv=VM code, C=native code)


---------------  P R O C E S S  ---------------

Java Threads: ( => current thread )

Other Threads:

=>0x0000000002491000 (exited) JavaThread "Unknown thread" [_thread_in_vm, id=16012, stack(0x0000000000b70000,0x0000000000c70000)]

VM state:not at safepoint (normal execution)

VM Mutex/Monitor currently owned by a thread: None

Heap:
 PSYoungGen      total 67072K, used 1157K [0x0000000775b80000, 0x000000077a600000, 0x00000007c0000000)
  eden space 57856K, 2% used [0x0000000775b80000,0x0000000775ca1488,0x0000000779400000)
  from space 9216K, 0% used [0x0000000779d00000,0x0000000779d00000,0x000000077a600000)
  to   space 9216K, 0% used [0x0000000779400000,0x0000000779400000,0x0000000779d00000)
 ParOldGen       total 153088K, used 0K [0x00000006e1200000, 0x00000006ea780000, 0x0000000775b80000)
  object space 153088K, 0% used [0x00000006e1200000,0x00000006e1200000,0x00000006ea780000)
 Metaspace       used 783K, capacity 1092K, committed 1152K, reserved 1060864K
  class space    used 75K, capacity 384K, committed 384K, reserved 1048576K

Card table byte_map: [0x0000000011a10000,0x0000000012110000] byte_map_base: 0x000000000e307000

Marking Bits: (ParMarkBitMap*) 0x000000005aeaa6c0
 Begin Bits: [0x00000000129c0000, 0x0000000016178000)
 End Bits:   [0x0000000016178000, 0x0000000019930000)

Polling page: 0x0000000000720000

CodeCache: size=245760Kb used=327Kb max_used=327Kb free=245432Kb
 bounds [0x0000000002650000, 0x00000000028c0000, 0x0000000011650000]
 total_blobs=57 nmethods=0 adapters=38
 compilation: enabled

Compilation events (0 events):
No events

GC Heap History (0 events):
No events

Deoptimization events (0 events):
No events

Internal exceptions (0 events):
No events

Events (10 events):
Event: 0.035 loading class java/lang/Short
Event: 0.035 loading class java/lang/Short done
Event: 0.035 loading class java/lang/Integer
Event: 0.035 loading class java/lang/Integer done
Event: 0.035 loading class java/lang/Long
Event: 0.035 loading class java/lang/Long done
Event: 0.036 loading class java/lang/NullPointerException
Event: 0.036 loading class java/lang/NullPointerException done
Event: 0.036 loading class java/lang/ArithmeticException
Event: 0.036 loading class java/lang/ArithmeticException done


Dynamic libraries:
0x00007ff753770000 - 0x00007ff7537a7000 	C:\Program Files\Java\jdk1.8.0_111\bin\java.exe
0x00007ffc4aed0000 - 0x00007ffc4b0c8000 	C:\WINDOWS\SYSTEM32\ntdll.dll
0x00007ffc49e60000 - 0x00007ffc49f1f000 	C:\WINDOWS\System32\KERNEL32.DLL
0x00007ffc48c30000 - 0x00007ffc48f26000 	C:\WINDOWS\System32\KERNELBASE.dll
0x00007ffc49930000 - 0x00007ffc499df000 	C:\WINDOWS\System32\ADVAPI32.dll
0x00007ffc4a360000 - 0x00007ffc4a3fe000 	C:\WINDOWS\System32\msvcrt.dll
0x00007ffc4ac50000 - 0x00007ffc4acec000 	C:\WINDOWS\System32\sechost.dll
0x00007ffc4a230000 - 0x00007ffc4a356000 	C:\WINDOWS\System32\RPCRT4.dll
0x00007ffc499e0000 - 0x00007ffc49b7d000 	C:\WINDOWS\System32\USER32.dll
0x00007ffc486d0000 - 0x00007ffc486f2000 	C:\WINDOWS\System32\win32u.dll
0x00007ffc4a0d0000 - 0x00007ffc4a0fc000 	C:\WINDOWS\System32\GDI32.dll
0x00007ffc485b0000 - 0x00007ffc486c5000 	C:\WINDOWS\System32\gdi32full.dll
0x00007ffc48b90000 - 0x00007ffc48c2d000 	C:\WINDOWS\System32\msvcp_win.dll
0x00007ffc48a90000 - 0x00007ffc48b90000 	C:\WINDOWS\System32\ucrtbase.dll
0x00007ffc2c4f0000 - 0x00007ffc2c78a000 	C:\WINDOWS\WinSxS\amd64_microsoft.windows.common-controls_6595b64144ccf1df_6.0.19041.1110_none_60b5254171f9507e\COMCTL32.dll
0x00007ffc49da0000 - 0x00007ffc49dd0000 	C:\WINDOWS\System32\IMM32.DLL
0x000000005a5b0000 - 0x000000005a682000 	C:\Program Files\Java\jdk1.8.0_111\jre\bin\msvcr100.dll
0x000000005a690000 - 0x000000005af2a000 	C:\Program Files\Java\jdk1.8.0_111\jre\bin\server\jvm.dll
0x00007ffc48f30000 - 0x00007ffc48f38000 	C:\WINDOWS\System32\PSAPI.DLL
0x00007ffc400c0000 - 0x00007ffc400e7000 	C:\WINDOWS\SYSTEM32\WINMM.dll
0x00007ffc43130000 - 0x00007ffc4313a000 	C:\WINDOWS\SYSTEM32\VERSION.dll
0x00007ffc3cc80000 - 0x00007ffc3cc89000 	C:\WINDOWS\SYSTEM32\WSOCK32.dll
0x00007ffc4ae20000 - 0x00007ffc4ae8b000 	C:\WINDOWS\System32\WS2_32.dll
0x000000005a560000 - 0x000000005a56f000 	C:\Program Files\Java\jdk1.8.0_111\jre\bin\verify.dll
0x000000005a530000 - 0x000000005a559000 	C:\Program Files\Java\jdk1.8.0_111\jre\bin\java.dll
0x000000005a510000 - 0x000000005a526000 	C:\Program Files\Java\jdk1.8.0_111\jre\bin\zip.dll

VM Arguments:
java_command: org.itson.capaaplicacion.FrmMenu
java_class_path (initial): C:\Users\user\OneDrive\Documentos\NetBeansProjects\CapaAplicacion\target\classes;C:\Users\user\.m2\repository\org\netbeans\external\AbsoluteLayout\RELEASE160\AbsoluteLayout-RELEASE160.jar;C:\Users\user\.m2\repository\com\github\lgooddatepicker\LGoodDatePicker\11.2.1\LGoodDatePicker-11.2.1.jar
Launcher Type: SUN_STANDARD

Environment Variables:
JAVA_HOME=C:\Program Files\Java\jdk1.8.0_111
PATH=C:\ProgramData\Oracle\Java\javapath;C:\Program Files (x86)\Common Files\Oracle\Java\javapath;C:\WINDOWS\system32;C:\WINDOWS;C:\WINDOWS\System32\Wbem;C:\WINDOWS\System32\WindowsPowerShell\v1.0\;C:\WINDOWS\System32\OpenSSH\;C:\Program Files\Microsoft SQL Server\Client SDK\ODBC\170\Tools\Binn\;C:\Program Files (x86)\Microsoft SQL Server\150\Tools\Binn\;C:\Program Files\Microsoft SQL Server\150\Tools\Binn\;C:\Program Files\Microsoft SQL Server\150\DTS\Binn\;C:\Program Files (x86)\Microsoft SQL Server\150\DTS\Binn\;C:\Program Files\Azure Data Studio\bin;C:\Program Files\Git\cmd;C:\Users\user\AppData\Local\Microsoft\WindowsApps;C:\Users\user\AppData\Local\Programs\Microsoft VS Code\bin;C:\Program Files\Azure Data Studio\bin;C:\Users\user\AppData\Local\GitHubDesktop\bin
USERNAME=Gabriel Mancinas
OS=Windows_NT
PROCESSOR_IDENTIFIER=AMD64 Family 23 Model 17 Stepping 0, AuthenticAMD



---------------  S Y S T E M  ---------------

OS: Windows 10.0 , 64 bit Build 19041 (10.0.19041.2913)

CPU:total 4 (4 cores per cpu, 1 threads per core) family 23 model 17 stepping 0, cmov, cx8, fxsr, mmx, sse, sse2, sse3, ssse3, sse4.1, sse4.2, popcnt, avx, avx2, aes, clmul, mmxext, 3dnowpref, lzcnt, sse4a, tsc, tscinvbit, tscinv, bmi1

Memory: 4k page, physical 14606284k(1905688k free), swap 34899776k(3836k free)

vm_info: Java HotSpot(TM) 64-Bit Server VM (25.111-b14) for windows-amd64 JRE (1.8.0_111-b14), built on Sep 22 2016 19:24:05 by "java_re" with MS VC++ 10.0 (VS2010)

time: Sat May 13 20:04:59 2023
elapsed time: 0 seconds (0d 0h 0m 0s)

